<?xml version="1.0" encoding="UTF-8"?>
<!-- Generated by org.testng.reporters.JUnitReportReporter -->
<testsuite skipped="1" hostname="DESKTOP-45QRTE1" name="testcases.UserManagementTest" tests="1" failures="0" timestamp="24 Jun 2021 00:28:44 GMT" time="0.001" errors="0">
  <testcase name="UMTest" time="0.001" classname="testcases.UserManagementTest">
    <skipped/>
  </testcase> <!-- UMTest -->
</testsuite> <!-- testcases.UserManagementTest -->
